Analysis & Synthesis report for microprocessor
Tue Dec 16 01:45:56 2014
Quartus II Version 8.1 Build 163 10/28/2008 SJ Web Edition


---------------------
; Table of Contents ;
---------------------
  1. Legal Notice
  2. Analysis & Synthesis Summary
  3. Analysis & Synthesis Settings
  4. Analysis & Synthesis Source Files Read
  5. Analysis & Synthesis Resource Usage Summary
  6. Analysis & Synthesis Resource Utilization by Entity
  7. State Machine - |microprocessor|CU:controlUnit|State
  8. Registers Removed During Synthesis
  9. General Register Statistics
 10. Multiplexer Restructuring Statistics (Restructuring Performed)
 11. Parameter Settings for User Entity Instance: CU:controlUnit
 12. Analysis & Synthesis Messages
 13. Analysis & Synthesis Suppressed Messages



----------------
; Legal Notice ;
----------------
Copyright (C) 1991-2008 Altera Corporation
Your use of Altera Corporation's design tools, logic functions 
and other software and tools, and its AMPP partner logic 
functions, and any output files from any of the foregoing 
(including device programming or simulation files), and any 
associated documentation or information are expressly subject 
to the terms and conditions of the Altera Program License 
Subscription Agreement, Altera MegaCore Function License 
Agreement, or other applicable license agreement, including, 
without limitation, that your use is for the sole purpose of 
programming logic devices manufactured by Altera and sold by 
Altera or its authorized distributors.  Please refer to the 
applicable agreement for further details.



+------------------------------------------------------------------------------+
; Analysis & Synthesis Summary                                                 ;
+------------------------------------+-----------------------------------------+
; Analysis & Synthesis Status        ; Successful - Tue Dec 16 01:45:56 2014   ;
; Quartus II Version                 ; 8.1 Build 163 10/28/2008 SJ Web Edition ;
; Revision Name                      ; microprocessor                          ;
; Top-level Entity Name              ; microprocessor                          ;
; Family                             ; Cyclone II                              ;
; Total logic elements               ; 464                                     ;
;     Total combinational functions  ; 464                                     ;
;     Dedicated logic registers      ; 296                                     ;
; Total registers                    ; 296                                     ;
; Total pins                         ; 22                                      ;
; Total virtual pins                 ; 0                                       ;
; Total memory bits                  ; 0                                       ;
; Embedded Multiplier 9-bit elements ; 0                                       ;
; Total PLLs                         ; 0                                       ;
+------------------------------------+-----------------------------------------+


+----------------------------------------------------------------------------------------------------------+
; Analysis & Synthesis Settings                                                                            ;
+----------------------------------------------------------------+--------------------+--------------------+
; Option                                                         ; Setting            ; Default Value      ;
+----------------------------------------------------------------+--------------------+--------------------+
; Top-level entity name                                          ; microprocessor     ; microprocessor     ;
; Family name                                                    ; Cyclone II         ; Stratix II         ;
; Use Generated Physical Constraints File                        ; Off                ;                    ;
; Use smart compilation                                          ; Off                ; Off                ;
; Restructure Multiplexers                                       ; Auto               ; Auto               ;
; Create Debugging Nodes for IP Cores                            ; Off                ; Off                ;
; Preserve fewer node names                                      ; On                 ; On                 ;
; Disable OpenCore Plus hardware evaluation                      ; Off                ; Off                ;
; Verilog Version                                                ; Verilog_2001       ; Verilog_2001       ;
; VHDL Version                                                   ; VHDL93             ; VHDL93             ;
; State Machine Processing                                       ; Auto               ; Auto               ;
; Safe State Machine                                             ; Off                ; Off                ;
; Extract Verilog State Machines                                 ; On                 ; On                 ;
; Extract VHDL State Machines                                    ; On                 ; On                 ;
; Ignore Verilog initial constructs                              ; Off                ; Off                ;
; Iteration limit for constant Verilog loops                     ; 5000               ; 5000               ;
; Iteration limit for non-constant Verilog loops                 ; 250                ; 250                ;
; Add Pass-Through Logic to Inferred RAMs                        ; On                 ; On                 ;
; Parallel Synthesis                                             ; Off                ; Off                ;
; DSP Block Balancing                                            ; Auto               ; Auto               ;
; NOT Gate Push-Back                                             ; On                 ; On                 ;
; Power-Up Don't Care                                            ; On                 ; On                 ;
; Remove Redundant Logic Cells                                   ; Off                ; Off                ;
; Remove Duplicate Registers                                     ; On                 ; On                 ;
; Ignore CARRY Buffers                                           ; Off                ; Off                ;
; Ignore CASCADE Buffers                                         ; Off                ; Off                ;
; Ignore GLOBAL Buffers                                          ; Off                ; Off                ;
; Ignore ROW GLOBAL Buffers                                      ; Off                ; Off                ;
; Ignore LCELL Buffers                                           ; Off                ; Off                ;
; Ignore SOFT Buffers                                            ; On                 ; On                 ;
; Limit AHDL Integers to 32 Bits                                 ; Off                ; Off                ;
; Optimization Technique                                         ; Balanced           ; Balanced           ;
; Carry Chain Length                                             ; 70                 ; 70                 ;
; Auto Carry Chains                                              ; On                 ; On                 ;
; Auto Open-Drain Pins                                           ; On                 ; On                 ;
; Perform WYSIWYG Primitive Resynthesis                          ; Off                ; Off                ;
; Perform gate-level register retiming                           ; Off                ; Off                ;
; Allow register retiming to trade off Tsu/Tco with Fmax         ; On                 ; On                 ;
; Auto ROM Replacement                                           ; On                 ; On                 ;
; Auto RAM Replacement                                           ; On                 ; On                 ;
; Auto Shift Register Replacement                                ; Auto               ; Auto               ;
; Auto Clock Enable Replacement                                  ; On                 ; On                 ;
; Strict RAM Replacement                                         ; Off                ; Off                ;
; Allow Synchronous Control Signals                              ; On                 ; On                 ;
; Force Use of Synchronous Clear Signals                         ; Off                ; Off                ;
; Auto RAM to Logic Cell Conversion                              ; Off                ; Off                ;
; Auto Resource Sharing                                          ; Off                ; Off                ;
; Allow Any RAM Size For Recognition                             ; Off                ; Off                ;
; Allow Any ROM Size For Recognition                             ; Off                ; Off                ;
; Allow Any Shift Register Size For Recognition                  ; Off                ; Off                ;
; Use LogicLock Constraints during Resource Balancing            ; On                 ; On                 ;
; Ignore translate_off and synthesis_off directives              ; Off                ; Off                ;
; Show Parameter Settings Tables in Synthesis Report             ; On                 ; On                 ;
; Ignore Maximum Fan-Out Assignments                             ; Off                ; Off                ;
; Synchronization Register Chain Length                          ; 2                  ; 2                  ;
; PowerPlay Power Optimization                                   ; Normal compilation ; Normal compilation ;
; HDL message level                                              ; Level2             ; Level2             ;
; Suppress Register Optimization Related Messages                ; Off                ; Off                ;
; Number of Removed Registers Reported in Synthesis Report       ; 100                ; 100                ;
; Number of Inverted Registers Reported in Synthesis Report      ; 100                ; 100                ;
; Clock MUX Protection                                           ; On                 ; On                 ;
; Auto Gated Clock Conversion                                    ; Off                ; Off                ;
; Block Design Naming                                            ; Auto               ; Auto               ;
; SDC constraint protection                                      ; Off                ; Off                ;
; Synthesis Effort                                               ; Auto               ; Auto               ;
; Allows Asynchronous Clear Usage For Shift Register Replacement ; On                 ; On                 ;
; Analysis & Synthesis Message Level                             ; Medium             ; Medium             ;
+----------------------------------------------------------------+--------------------+--------------------+


+------------------------------------------------------------------------------------------------------------------------------------------+
; Analysis & Synthesis Source Files Read                                                                                                   ;
+----------------------------------+-----------------+------------------------------+------------------------------------------------------+
; File Name with User-Entered Path ; Used in Netlist ; File Type                    ; File Name with Absolute Path                         ;
+----------------------------------+-----------------+------------------------------+------------------------------------------------------+
; CU.v                             ; yes             ; User Verilog HDL File        ; C:/Users/snowm bear/Desktop/microP/CU.v              ;
; GeneralDatapath.v                ; yes             ; User Verilog HDL File        ; C:/Users/snowm bear/Desktop/microP/GeneralDatapath.v ;
; microprocessor.v                 ; yes             ; User Verilog HDL File        ; C:/Users/snowm bear/Desktop/microP/microprocessor.v  ;
; Mux4to1_8bits.v                  ; yes             ; Auto-Found Verilog HDL File  ; C:/Users/snowm bear/Desktop/microP/Mux4to1_8bits.v   ;
; Register_8bits.v                 ; yes             ; Auto-Found Verilog HDL File  ; C:/Users/snowm bear/Desktop/microP/Register_8bits.v  ;
; RAM_8bits.v                      ; yes             ; Auto-Found Verilog HDL File  ; C:/Users/snowm bear/Desktop/microP/RAM_8bits.v       ;
; Register_5bits.v                 ; yes             ; Auto-Found Verilog HDL File  ; C:/Users/snowm bear/Desktop/microP/Register_5bits.v  ;
+----------------------------------+-----------------+------------------------------+------------------------------------------------------+


+-----------------------------------------------------+
; Analysis & Synthesis Resource Usage Summary         ;
+---------------------------------------------+-------+
; Resource                                    ; Usage ;
+---------------------------------------------+-------+
; Estimated Total logic elements              ; 464   ;
;                                             ;       ;
; Total combinational functions               ; 464   ;
; Logic element usage by number of LUT inputs ;       ;
;     -- 4 input functions                    ; 394   ;
;     -- 3 input functions                    ; 34    ;
;     -- <=2 input functions                  ; 36    ;
;                                             ;       ;
; Logic elements by mode                      ;       ;
;     -- normal mode                          ; 452   ;
;     -- arithmetic mode                      ; 12    ;
;                                             ;       ;
; Total registers                             ; 296   ;
;     -- Dedicated logic registers            ; 296   ;
;     -- I/O registers                        ; 0     ;
;                                             ;       ;
; I/O pins                                    ; 22    ;
; Maximum fan-out node                        ; Clock ;
; Maximum fan-out                             ; 296   ;
; Total fan-out                               ; 2659  ;
; Average fan-out                             ; 3.40  ;
+---------------------------------------------+-------+


+-----------------------------------------------------------------------------------------------------------------------------------------------------------------------------------------------------------------------------------+
; Analysis & Synthesis Resource Utilization by Entity                                                                                                                                                                               ;
+-----------------------------------+-------------------+--------------+-------------+--------------+---------+-----------+------+--------------+--------------------------------------------------------------------+--------------+
; Compilation Hierarchy Node        ; LC Combinationals ; LC Registers ; Memory Bits ; DSP Elements ; DSP 9x9 ; DSP 18x18 ; Pins ; Virtual Pins ; Full Hierarchy Name                                                ; Library Name ;
+-----------------------------------+-------------------+--------------+-------------+--------------+---------+-----------+------+--------------+--------------------------------------------------------------------+--------------+
; |microprocessor                   ; 464 (1)           ; 296 (0)      ; 0           ; 0            ; 0       ; 0         ; 22   ; 0            ; |microprocessor                                                    ; work         ;
;    |CU:controlUnit|               ; 14 (14)           ; 11 (11)      ; 0           ; 0            ; 0       ; 0         ; 0    ; 0            ; |microprocessor|CU:controlUnit                                     ; work         ;
;    |GeneralDatapath:dataPath|     ; 449 (48)          ; 285 (0)      ; 0           ; 0            ; 0       ; 0         ; 0    ; 0            ; |microprocessor|GeneralDatapath:dataPath                           ; work         ;
;       |RAM_8bits:RAM|             ; 386 (386)         ; 264 (264)    ; 0           ; 0            ; 0       ; 0         ; 0    ; 0            ; |microprocessor|GeneralDatapath:dataPath|RAM_8bits:RAM             ; work         ;
;       |Register_5bits:registerPC| ; 4 (4)             ; 5 (5)        ; 0           ; 0            ; 0       ; 0         ; 0    ; 0            ; |microprocessor|GeneralDatapath:dataPath|Register_5bits:registerPC ; work         ;
;       |Register_8bits:ARegister|  ; 2 (2)             ; 8 (8)        ; 0           ; 0            ; 0       ; 0         ; 0    ; 0            ; |microprocessor|GeneralDatapath:dataPath|Register_8bits:ARegister  ; work         ;
;       |Register_8bits:IRRegister| ; 9 (9)             ; 8 (8)        ; 0           ; 0            ; 0       ; 0         ; 0    ; 0            ; |microprocessor|GeneralDatapath:dataPath|Register_8bits:IRRegister ; work         ;
+-----------------------------------+-------------------+--------------+-------------+--------------+---------+-----------+------+--------------+--------------------------------------------------------------------+--------------+
Note: For table entries with two numbers listed, the numbers in parentheses indicate the number of resources of the given type used by the specific entity alone. The numbers listed outside of parentheses indicate the total resources of the given type used by the specific entity and all of its sub-entities in the hierarchy.


Encoding Type:  One-Hot
+----------------------------------------------------------------------------------------------------------------------------------------------------------------+
; State Machine - |microprocessor|CU:controlUnit|State                                                                                                           ;
+--------------+------------+------------+----------+--------------+-----------+-----------+-------------+------------+--------------+-------------+-------------+
; Name         ; State.halt ; State.jpos ; State.jz ; State.inputs ; State.sub ; State.add ; State.store ; State.load ; State.decode ; State.fetch ; State.start ;
+--------------+------------+------------+----------+--------------+-----------+-----------+-------------+------------+--------------+-------------+-------------+
; State.start  ; 0          ; 0          ; 0        ; 0            ; 0         ; 0         ; 0           ; 0          ; 0            ; 0           ; 0           ;
; State.fetch  ; 0          ; 0          ; 0        ; 0            ; 0         ; 0         ; 0           ; 0          ; 0            ; 1           ; 1           ;
; State.decode ; 0          ; 0          ; 0        ; 0            ; 0         ; 0         ; 0           ; 0          ; 1            ; 0           ; 1           ;
; State.load   ; 0          ; 0          ; 0        ; 0            ; 0         ; 0         ; 0           ; 1          ; 0            ; 0           ; 1           ;
; State.store  ; 0          ; 0          ; 0        ; 0            ; 0         ; 0         ; 1           ; 0          ; 0            ; 0           ; 1           ;
; State.add    ; 0          ; 0          ; 0        ; 0            ; 0         ; 1         ; 0           ; 0          ; 0            ; 0           ; 1           ;
; State.sub    ; 0          ; 0          ; 0        ; 0            ; 1         ; 0         ; 0           ; 0          ; 0            ; 0           ; 1           ;
; State.inputs ; 0          ; 0          ; 0        ; 1            ; 0         ; 0         ; 0           ; 0          ; 0            ; 0           ; 1           ;
; State.jz     ; 0          ; 0          ; 1        ; 0            ; 0         ; 0         ; 0           ; 0          ; 0            ; 0           ; 1           ;
; State.jpos   ; 0          ; 1          ; 0        ; 0            ; 0         ; 0         ; 0           ; 0          ; 0            ; 0           ; 1           ;
; State.halt   ; 1          ; 0          ; 0        ; 0            ; 0         ; 0         ; 0           ; 0          ; 0            ; 0           ; 1           ;
+--------------+------------+------------+----------+--------------+-----------+-----------+-------------+------------+--------------+-------------+-------------+


+------------------------------------------------------------+
; Registers Removed During Synthesis                         ;
+---------------------------------------+--------------------+
; Register name                         ; Reason for Removal ;
+---------------------------------------+--------------------+
; CU:controlUnit|State~14               ; Lost fanout        ;
; CU:controlUnit|State~15               ; Lost fanout        ;
; CU:controlUnit|State~16               ; Lost fanout        ;
; CU:controlUnit|State~17               ; Lost fanout        ;
; Total Number of Removed Registers = 4 ;                    ;
+---------------------------------------+--------------------+


+------------------------------------------------------+
; General Register Statistics                          ;
+----------------------------------------------+-------+
; Statistic                                    ; Value ;
+----------------------------------------------+-------+
; Total registers                              ; 296   ;
; Number of registers using Synchronous Clear  ; 13    ;
; Number of registers using Synchronous Load   ; 0     ;
; Number of registers using Asynchronous Clear ; 11    ;
; Number of registers using Asynchronous Load  ; 0     ;
; Number of registers using Clock Enable       ; 285   ;
; Number of registers using Preset             ; 0     ;
+----------------------------------------------+-------+


+-----------------------------------------------------------------------------------------------------------------------------------------------------------------------------------------+
; Multiplexer Restructuring Statistics (Restructuring Performed)                                                                                                                          ;
+--------------------+-----------+---------------+----------------------+------------------------+------------+---------------------------------------------------------------------------+
; Multiplexer Inputs ; Bus Width ; Baseline Area ; Area if Restructured ; Saving if Restructured ; Registered ; Example Multiplexer Output                                                ;
+--------------------+-----------+---------------+----------------------+------------------------+------------+---------------------------------------------------------------------------+
; 3:1                ; 8 bits    ; 16 LEs        ; 8 LEs                ; 8 LEs                  ; Yes        ; |microprocessor|GeneralDatapath:dataPath|Register_8bits:IRRegister|out[0] ;
; 4:1                ; 5 bits    ; 10 LEs        ; 10 LEs               ; 0 LEs                  ; Yes        ; |microprocessor|GeneralDatapath:dataPath|Register_5bits:registerPC|out[0] ;
; 3:1                ; 8 bits    ; 16 LEs        ; 8 LEs                ; 8 LEs                  ; Yes        ; |microprocessor|GeneralDatapath:dataPath|RAM_8bits:RAM|RAM[19][4]         ;
; 3:1                ; 8 bits    ; 16 LEs        ; 8 LEs                ; 8 LEs                  ; Yes        ; |microprocessor|GeneralDatapath:dataPath|RAM_8bits:RAM|RAM[18][3]         ;
; 3:1                ; 8 bits    ; 16 LEs        ; 8 LEs                ; 8 LEs                  ; Yes        ; |microprocessor|GeneralDatapath:dataPath|RAM_8bits:RAM|RAM[17][5]         ;
; 3:1                ; 8 bits    ; 16 LEs        ; 8 LEs                ; 8 LEs                  ; Yes        ; |microprocessor|GeneralDatapath:dataPath|RAM_8bits:RAM|RAM[16][6]         ;
; 3:1                ; 8 bits    ; 16 LEs        ; 8 LEs                ; 8 LEs                  ; Yes        ; |microprocessor|GeneralDatapath:dataPath|RAM_8bits:RAM|RAM[15][4]         ;
; 3:1                ; 8 bits    ; 16 LEs        ; 8 LEs                ; 8 LEs                  ; Yes        ; |microprocessor|GeneralDatapath:dataPath|RAM_8bits:RAM|RAM[14][5]         ;
; 3:1                ; 8 bits    ; 16 LEs        ; 8 LEs                ; 8 LEs                  ; Yes        ; |microprocessor|GeneralDatapath:dataPath|RAM_8bits:RAM|RAM[13][2]         ;
; 3:1                ; 8 bits    ; 16 LEs        ; 8 LEs                ; 8 LEs                  ; Yes        ; |microprocessor|GeneralDatapath:dataPath|RAM_8bits:RAM|RAM[12][2]         ;
; 3:1                ; 8 bits    ; 16 LEs        ; 8 LEs                ; 8 LEs                  ; Yes        ; |microprocessor|GeneralDatapath:dataPath|RAM_8bits:RAM|RAM[11][5]         ;
; 3:1                ; 8 bits    ; 16 LEs        ; 8 LEs                ; 8 LEs                  ; Yes        ; |microprocessor|GeneralDatapath:dataPath|RAM_8bits:RAM|RAM[10][0]         ;
; 3:1                ; 8 bits    ; 16 LEs        ; 8 LEs                ; 8 LEs                  ; Yes        ; |microprocessor|GeneralDatapath:dataPath|RAM_8bits:RAM|RAM[9][2]          ;
; 3:1                ; 8 bits    ; 16 LEs        ; 8 LEs                ; 8 LEs                  ; Yes        ; |microprocessor|GeneralDatapath:dataPath|RAM_8bits:RAM|RAM[8][2]          ;
; 3:1                ; 8 bits    ; 16 LEs        ; 8 LEs                ; 8 LEs                  ; Yes        ; |microprocessor|GeneralDatapath:dataPath|RAM_8bits:RAM|RAM[7][2]          ;
; 3:1                ; 8 bits    ; 16 LEs        ; 8 LEs                ; 8 LEs                  ; Yes        ; |microprocessor|GeneralDatapath:dataPath|RAM_8bits:RAM|RAM[6][2]          ;
; 3:1                ; 8 bits    ; 16 LEs        ; 8 LEs                ; 8 LEs                  ; Yes        ; |microprocessor|GeneralDatapath:dataPath|RAM_8bits:RAM|RAM[5][6]          ;
; 3:1                ; 8 bits    ; 16 LEs        ; 8 LEs                ; 8 LEs                  ; Yes        ; |microprocessor|GeneralDatapath:dataPath|RAM_8bits:RAM|RAM[4][4]          ;
; 3:1                ; 8 bits    ; 16 LEs        ; 8 LEs                ; 8 LEs                  ; Yes        ; |microprocessor|GeneralDatapath:dataPath|RAM_8bits:RAM|RAM[3][7]          ;
; 3:1                ; 8 bits    ; 16 LEs        ; 8 LEs                ; 8 LEs                  ; Yes        ; |microprocessor|GeneralDatapath:dataPath|RAM_8bits:RAM|RAM[2][2]          ;
; 3:1                ; 8 bits    ; 16 LEs        ; 8 LEs                ; 8 LEs                  ; Yes        ; |microprocessor|GeneralDatapath:dataPath|RAM_8bits:RAM|RAM[1][3]          ;
; 3:1                ; 8 bits    ; 16 LEs        ; 8 LEs                ; 8 LEs                  ; Yes        ; |microprocessor|GeneralDatapath:dataPath|RAM_8bits:RAM|RAM[0][4]          ;
; 32:1               ; 8 bits    ; 168 LEs       ; 168 LEs              ; 0 LEs                  ; Yes        ; |microprocessor|GeneralDatapath:dataPath|RAM_8bits:RAM|dataOut[3]         ;
; 5:1                ; 8 bits    ; 24 LEs        ; 16 LEs               ; 8 LEs                  ; Yes        ; |microprocessor|GeneralDatapath:dataPath|Register_8bits:ARegister|out[0]  ;
+--------------------+-----------+---------------+----------------------+------------------------+------------+---------------------------------------------------------------------------+


+-------------------------------------------------------------+
; Parameter Settings for User Entity Instance: CU:controlUnit ;
+----------------+-------+------------------------------------+
; Parameter Name ; Value ; Type                               ;
+----------------+-------+------------------------------------+
; start          ; 0000  ; Unsigned Binary                    ;
; fetch          ; 0001  ; Unsigned Binary                    ;
; decode         ; 0010  ; Unsigned Binary                    ;
; load           ; 1000  ; Unsigned Binary                    ;
; store          ; 1001  ; Unsigned Binary                    ;
; add            ; 1010  ; Unsigned Binary                    ;
; sub            ; 1011  ; Unsigned Binary                    ;
; inputs         ; 1100  ; Unsigned Binary                    ;
; jz             ; 1101  ; Unsigned Binary                    ;
; jpos           ; 1110  ; Unsigned Binary                    ;
; halt           ; 1111  ; Unsigned Binary                    ;
+----------------+-------+------------------------------------+
Note: In order to hide this table in the UI and the text report file, please set the "Show Parameter Settings Tables in Synthesis Report" option in "Analysis and Synthesis Settings -> More Settings" to "Off".


+-------------------------------+
; Analysis & Synthesis Messages ;
+-------------------------------+
Info: *******************************************************************
Info: Running Quartus II Analysis & Synthesis
    Info: Version 8.1 Build 163 10/28/2008 SJ Web Edition
    Info: Processing started: Tue Dec 16 01:45:52 2014
Info: Command: quartus_map --read_settings_files=on --write_settings_files=off microprocessor -c microprocessor
Info: Found 1 design units, including 1 entities, in source file CU.v
    Info: Found entity 1: CU
Info: Found 1 design units, including 1 entities, in source file GeneralDatapath.v
    Info: Found entity 1: GeneralDatapath
Info: Found 1 design units, including 1 entities, in source file microprocessor.v
    Info: Found entity 1: microprocessor
Info: Found 1 design units, including 1 entities, in source file microprocessor_tb.v
    Info: Found entity 1: microprocessor_tb
Info: Elaborating entity "microprocessor" for the top level hierarchy
Info: Elaborating entity "GeneralDatapath" for hierarchy "GeneralDatapath:dataPath"
Warning (10230): Verilog HDL assignment warning at GeneralDatapath.v(23): truncated value with size 32 to match size of target (1)
Warning (10235): Verilog HDL Always Construct warning at GeneralDatapath.v(45): variable "increment_out" is read inside the Always Construct but isn't in the Always Construct's Event Control
Warning: Using design file Mux4to1_8bits.v, which is not specified as a design file for the current project, but contains definitions for 1 design units and 1 entities in project
    Info: Found entity 1: Mux4to1_8bits
Info: Elaborating entity "Mux4to1_8bits" for hierarchy "GeneralDatapath:dataPath|Mux4to1_8bits:mux4to1"
Warning: Using design file Register_8bits.v, which is not specified as a design file for the current project, but contains definitions for 1 design units and 1 entities in project
    Info: Found entity 1: Register_8bits
Info: Elaborating entity "Register_8bits" for hierarchy "GeneralDatapath:dataPath|Register_8bits:ARegister"
Warning: Using design file RAM_8bits.v, which is not specified as a design file for the current project, but contains definitions for 1 design units and 1 entities in project
    Info: Found entity 1: RAM_8bits
Info: Elaborating entity "RAM_8bits" for hierarchy "GeneralDatapath:dataPath|RAM_8bits:RAM"
Warning: Using design file Register_5bits.v, which is not specified as a design file for the current project, but contains definitions for 1 design units and 1 entities in project
    Info: Found entity 1: Register_5bits
Info: Elaborating entity "Register_5bits" for hierarchy "GeneralDatapath:dataPath|Register_5bits:registerPC"
Info: Elaborating entity "CU" for hierarchy "CU:controlUnit"
Warning (12030): Port "ordered port 9" on the entity instantiation of "controlUnit" is connected to a signal of width 1. The formal width of the signal in the module is 4.  The extra bits will be left dangling without any fan-out logic.
Info: 4 registers lost all their fanouts during netlist optimizations. The first 4 are displayed below.
    Info: Register "CU:controlUnit|State~14" lost all its fanouts during netlist optimizations.
    Info: Register "CU:controlUnit|State~15" lost all its fanouts during netlist optimizations.
    Info: Register "CU:controlUnit|State~16" lost all its fanouts during netlist optimizations.
    Info: Register "CU:controlUnit|State~17" lost all its fanouts during netlist optimizations.
Info: Generated suppressed messages file C:/Users/snowm bear/Desktop/microP/microprocessor.map.smsg
Info: Implemented 583 device resources after synthesis - the final resource count might be different
    Info: Implemented 12 input pins
    Info: Implemented 10 output pins
    Info: Implemented 561 logic cells
Info: Quartus II Analysis & Synthesis was successful. 0 errors, 7 warnings
    Info: Peak virtual memory: 209 megabytes
    Info: Processing ended: Tue Dec 16 01:45:56 2014
    Info: Elapsed time: 00:00:04
    Info: Total CPU time (on all processors): 00:00:04


+------------------------------------------+
; Analysis & Synthesis Suppressed Messages ;
+------------------------------------------+
The suppressed messages can be found in C:/Users/snowm bear/Desktop/microP/microprocessor.map.smsg.


